0.1 0.400
0.2 0.366
0.3 0.401
0.4 0.417
0.5 0.389
0.6 0.370
0.7 0.384
0.8 0.378
0.9 0.365
1 0.326
1.1 0.315
1.2 0.367
1.3 0.330
1.4 0.369
1.5 0.379
1.6 0.367
1.7 0.330
1.8 0.370
1.9 0.380
2 0.387
2.1 0.369
2.2 0.368
2.3 0.382
2.4 0.366
2.5 0.333
2.6 0.466
2.7 0.494
2.8 0.497
2.9 0.372
3 0.471
3.1 0.492
3.2 0.343
3.3 0.374
3.4 0.469
3.5 0.494
3.6 0.489
3.7 0.491
3.8 0.470
3.9 0.551
4 0.352
4.1 0.354
4.2 0.376
4.3 0.467
4.4 0.491
4.5 0.489
4.6 0.469
4.7 0.491
4.8 0.412
4.9 0.492
5 0.492
5.1 0.491
5.2 0.494
5.3 0.494
5.4 0.494
5.5 0.491
5.6 0.495
5.7 0.503
5.8 0.500
5.9 0.492
6 0.495
6.1 0.394
6.2 0.482
6.3 0.498
6.4 0.497
6.5 0.496
6.6 0.474
6.7 0.502
6.8 0.497
6.9 0.501
7 0.502
7.1 0.497
7.2 0.496
7.3 0.502
7.4 0.624
7.5 0.385
7.6 0.376
7.7 0.378
7.8 0.486
7.9 0.498
8 0.466
8.1 0.496
8.2 0.483
8.3 0.500
8.4 0.494
8.5 0.495
8.6 0.483
8.7 0.435
8.8 0.497
8.9 0.500
9 0.481
9.1 0.497
9.2 0.375
9.3 0.374
9.4 0.486
9.5 0.375
9.6 0.375
9.7 0.374
9.8 0.381
9.9 0.468
10 0.497
10.1 0.495
10.2 0.498
10.3 0.496
10.4 0.497
10.5 0.502
10.6 0.502
10.7 0.498
10.8 0.496
10.9 0.498
11 0.501
11.1 0.498
11.2 0.496
11.3 0.496
11.4 0.506
11.5 0.502
11.6 0.497
11.7 0.499
11.8 0.501
11.9 0.362
12 0.504
12.1 0.500
12.2 0.501
12.3 0.497
12.4 0.497
12.5 0.497
12.6 0.499
12.7 0.496
12.8 0.494
12.9 0.497
13 0.489
13.1 0.496
13.2 0.495
13.3 0.494
13.4 0.489
13.5 0.498
13.6 0.498
13.7 0.499
13.8 0.491
13.9 0.496
14 0.495
14.1 0.496
14.2 0.493
14.3 0.496
14.4 0.397
14.5 0.409
14.6 0.488
14.7 0.494
14.8 0.495
14.9 0.495
15 0.493
15.1 0.488
15.2 0.496
15.3 0.499
15.4 0.496
15.5 0.503
15.6 0.503
15.7 0.497
15.8 0.494
15.9 0.495
16 0.469
16.1 0.500
16.2 0.376
16.3 0.379
16.4 0.375
16.5 0.376
16.6 0.498
16.7 0.495
16.8 0.493
16.9 0.403
17 0.493
17.1 0.495
17.2 0.494
17.3 0.494
17.4 0.495
17.5 0.495
17.6 0.495
17.7 0.495
17.8 0.376
17.9 0.375
18 0.376
18.1 0.374
18.2 0.463
18.3 0.498
18.4 0.494
18.5 0.504
18.6 0.470
18.7 0.503
18.8 0.498
18.9 0.498
19 0.466
19.1 0.499
19.2 0.496
19.3 0.496
19.4 0.505
19.5 0.498
19.6 0.496
19.7 0.518
19.8 0.359
19.9 0.501
20 0.499
20.1 0.503
20.2 0.463
20.3 0.498
20.4 0.495
20.5 0.498
20.6 0.466
20.7 0.499
20.8 0.499
20.9 0.498
21 0.464
21.1 0.500
21.2 0.497
21.3 0.498
21.4 0.466
21.5 0.513
21.6 0.495
21.7 0.500
21.8 0.463
21.9 0.497
22 0.480
22.1 0.497
22.2 0.414
22.3 0.498
22.4 0.494
22.5 0.496
22.6 0.466
22.7 0.497
22.8 0.495
22.9 0.497
23 0.471
23.1 0.411
23.2 0.464
23.3 0.503
23.4 0.470
23.5 0.498
23.6 0.496
23.7 0.499
23.8 0.468
23.9 0.502
24 0.493
24.1 0.497
24.2 0.466
24.3 0.500
24.4 0.498
24.5 0.497
24.6 0.476
24.7 0.507
24.8 0.495
24.9 0.503
25 0.470
25.1 0.498
25.2 0.498
25.3 0.501
25.4 0.403
25.5 0.497
25.6 0.496
25.7 0.495
25.8 0.468
25.9 0.496
26 0.482
26.1 0.487
26.2 0.499
26.3 0.495
26.4 0.495
26.5 0.499
26.6 0.499
26.7 0.497
26.8 0.495
26.9 0.500
27 0.476
27.1 0.499
27.2 0.495
27.3 0.497
27.4 0.473
27.5 0.500
27.6 0.497
27.7 0.497
27.8 0.475
27.9 0.491
28 0.463
28.1 0.380
28.2 0.476
28.3 0.376
28.4 0.378
28.5 0.379
28.6 0.382
28.7 0.476
28.8 0.377
28.9 0.376
29 0.479
29.1 0.497
29.2 0.497
29.3 0.492
29.4 0.477
29.5 0.496
29.6 0.495
29.7 0.428
29.8 0.460
29.9 0.499
30 0.498
30.1 0.495
30.2 0.475
30.3 0.496
30.4 0.495
30.5 0.497
30.6 0.483
30.7 0.497
30.8 0.493
30.9 0.496
31 0.476
31.1 0.451
31.2 0.497
31.3 0.501
31.4 0.481
31.5 0.496
31.6 0.499
31.7 0.497
31.8 0.481
31.9 0.499
32 0.499
32.1 0.498
32.2 0.317
32.3 0.306
32.4 0.304
32.5 0.379
32.6 0.482
32.7 0.499
32.8 0.498
32.9 0.501
33 0.490
33.1 0.496
33.2 0.496
33.3 0.496
33.4 0.491
33.5 0.498
33.6 0.498
33.7 0.494
33.8 0.492
33.9 0.501
34 0.499
34.1 0.499
34.2 0.490
34.3 0.374
34.4 0.464
34.5 0.508
34.6 0.490
34.7 0.503
34.8 0.500
34.9 0.377
35 0.490
35.1 0.380
35.2 0.378
35.3 0.376
35.4 0.380
35.5 0.372
35.6 0.371
35.7 0.496
35.8 0.477
35.9 0.493
36 0.491
36.1 0.497
36.2 0.484
36.3 0.498
36.4 0.491
36.5 0.494
36.6 0.487
36.7 0.490
36.8 0.496
36.9 0.494
37 0.491
37.1 0.497
37.2 0.496
37.3 0.497
37.4 0.493
37.5 0.395
37.6 0.504
37.7 0.416
37.8 0.494
37.9 0.498
38 0.498
38.1 0.496
38.2 0.497
38.3 0.497
38.4 0.496
38.5 0.495
38.6 0.493
38.7 0.492
38.8 0.499
38.9 0.500
39 0.496
39.1 0.498
39.2 0.497
39.3 0.500
39.4 0.498
39.5 0.408
39.6 0.493
39.7 0.535
39.8 0.378
39.9 0.382
40 0.381
40.1 0.377
40.2 0.484
40.3 0.500
40.4 0.500
40.5 0.398
40.6 0.495
40.7 0.460
40.8 0.497
40.9 0.501
41 0.497
41.1 0.497
41.2 0.496
41.3 0.494
41.4 0.494
41.5 0.498
41.6 0.499
41.7 0.523
41.8 0.376
41.9 0.375
42 0.376
42.1 0.369
42.2 0.491
42.3 0.485
42.4 0.490
42.5 0.517
42.6 0.496
42.7 0.491
42.8 0.497
42.9 0.376
43 0.498
43.1 0.487
43.2 0.495
43.3 0.499
43.4 0.494
43.5 0.494
43.6 0.502
43.7 0.500
43.8 0.495
43.9 0.465
44 0.501
44.1 0.512
44.2 0.498
44.3 0.466
44.4 0.503
44.5 0.500
44.6 0.495
44.7 0.498
44.8 0.498
44.9 0.504
45 0.497
45.1 0.499
45.2 0.498
45.3 0.500
45.4 0.496
45.5 0.503
45.6 0.495
45.7 0.506
45.8 0.495
45.9 0.498
46 0.497
46.1 0.503
46.2 0.497
46.3 0.499
46.4 0.498
46.5 0.500
46.6 0.498
46.7 0.498
46.8 0.501
46.9 0.500
47 0.496
47.1 0.473
47.2 0.498
47.3 0.504
47.4 0.503
47.5 0.539
47.6 0.376
47.7 0.398
47.8 0.503
47.9 0.494
48 0.496
48.1 0.391
48.2 0.376
48.3 0.492
48.4 0.477
48.5 0.391
48.6 0.475
48.7 0.498
48.8 0.496
48.9 0.377
49 0.510
49.1 0.497
49.2 0.498
49.3 0.359
49.4 0.508
49.5 0.501
49.6 0.377
49.7 0.342
49.8 0.378
49.9 0.333
50 0.404
50.1 0.368
50.2 0.488
50.3 0.469
50.4 0.497
50.5 0.411
50.6 0.500
50.7 0.497
50.8 0.494
50.9 0.410
51 0.500
51.1 0.496
51.2 0.496
51.3 0.416
51.4 0.501
51.5 0.482
51.6 0.495
51.7 0.406
51.8 0.502
51.9 0.497
52 0.499
52.1 0.409
52.2 0.501
52.3 0.498
52.4 0.498
52.5 0.500
52.6 0.497
52.7 0.463
52.8 0.499
52.9 0.403
53 0.504
53.1 0.498
53.2 0.502
53.3 0.406
53.4 0.403
53.5 0.483
53.6 0.496
53.7 0.408
53.8 0.503
53.9 0.495
54 0.498
54.1 0.402
54.2 0.502
54.3 0.495
54.4 0.494
54.5 0.402
54.6 0.503
54.7 0.494
54.8 0.494
54.9 0.400
55 0.502
55.1 0.493
55.2 0.497
55.3 0.401
55.4 0.500
55.5 0.496
55.6 0.495
55.7 0.402
55.8 0.503
55.9 0.496
56 0.495
56.1 0.501
56.2 0.494
56.3 0.474
56.4 0.496
56.5 0.398
56.6 0.502
56.7 0.489
56.8 0.497
56.9 0.408
57 0.500
57.1 0.493
57.2 0.496
57.3 0.409
57.4 0.501
57.5 0.496
57.6 0.496
57.7 0.464
57.8 0.499
57.9 0.499
58 0.407
58.1 0.351
58.2 0.325
58.3 0.354
58.4 0.344
58.5 0.385
58.6 0.339
58.7 0.501
58.8 0.485
58.9 0.468
59 0.505
59.1 0.497
59.2 0.497
59.3 0.465
59.4 0.498
59.5 0.498
59.6 0.378
59.7 0.358
59.8 0.392
59.9 0.382
60 0.331
60.1 0.379
60.2 0.379
60.3 0.377
60.4 0.377
60.5 0.377
60.6 0.364
60.7 0.352
60.8 0.332
60.9 0.339
61 0.332
61.1 0.328
61.2 0.329
61.3 0.329
61.4 0.326
61.5 0.324
61.6 0.324
61.7 0.333
61.8 0.327
61.9 0.324
62 0.325
62.1 0.328
62.2 0.336
62.3 0.336
62.4 0.341
62.5 0.325
62.6 0.319
62.7 0.315
62.8 0.317
62.9 0.341
63 0.346
63.1 0.348
63.2 0.337
63.3 0.340
63.4 0.334
63.5 0.320
63.6 0.319
63.7 0.322
63.8 0.320
63.9 0.316
64 0.310
64.1 0.308
64.2 0.308
64.3 0.308
64.4 0.310
64.5 0.303
64.6 0.304
64.7 0.304
64.8 0.303
64.9 0.306
65 0.310
65.1 0.306
65.2 0.296
65.3 0.302
65.4 0.364
65.5 0.371
65.6 0.373
65.7 0.452
65.8 0.488
65.9 0.500
66 0.493
66.1 0.469
66.2 0.495
66.3 0.495
66.4 0.411
66.5 0.473
66.6 0.495
66.7 0.494
66.8 0.492
66.9 0.468
67 0.494
67.1 0.491
67.2 0.337
67.3 0.332
67.4 0.500
67.5 0.489
67.6 0.395
67.7 0.470
67.8 0.492
67.9 0.463
68 0.450
68.1 0.470
68.2 0.496
68.3 0.492
68.4 0.492
68.5 0.470
68.6 0.494
68.7 0.491
68.8 0.492
68.9 0.487
69 0.486
69.1 0.487
69.2 0.477
69.3 0.469
69.4 0.488
69.5 0.478
69.6 0.480
69.7 0.335
69.8 0.313
69.9 0.308
70 0.304
70.1 0.304
70.2 0.305
70.3 0.303
70.4 0.302
70.5 0.303
70.6 0.304
70.7 0.302
70.8 0.303
70.9 0.304
71 0.303
71.1 0.303
71.2 0.308
71.3 0.305
71.4 0.366
71.5 0.371
71.6 0.365
71.7 0.456
71.8 0.483
71.9 0.479
72 0.479
72.1 0.463
72.2 0.346
72.3 0.489
72.4 0.426
72.5 0.467
72.6 0.380
72.7 0.480
72.8 0.477
72.9 0.470
73 0.481
73.1 0.483
73.2 0.480
73.3 0.467
73.4 0.477
73.5 0.476
73.6 0.477
73.7 0.463
73.8 0.462
73.9 0.482
74 0.379
74.1 0.469
74.2 0.479
74.3 0.477
74.4 0.483
74.5 0.470
74.6 0.481
74.7 0.478
74.8 0.478
74.9 0.474
75 0.481
75.1 0.485
75.2 0.383
75.3 0.479
75.4 0.486
75.5 0.486
75.6 0.484
75.7 0.490
75.8 0.479
75.9 0.491
76 0.488
76.1 0.489
76.2 0.489
76.3 0.489
76.4 0.493
76.5 0.495
76.6 0.494
76.7 0.495
76.8 0.497
76.9 0.498
77 0.468
77.1 0.496
77.2 0.497
77.3 0.496
77.4 0.497
77.5 0.497
77.6 0.377
77.7 0.499
77.8 0.500
77.9 0.499
78 0.491
78.1 0.498
78.2 0.497
78.3 0.498
78.4 0.495
78.5 0.497
78.6 0.498
78.7 0.500
78.8 0.496
78.9 0.496
79 0.429
79.1 0.351
79.2 0.376
79.3 0.502
79.4 0.497
79.5 0.399
79.6 0.375
79.7 0.499
79.8 0.400
79.9 0.364
80 0.401
80.1 0.493
80.2 0.450
80.3 0.501
80.4 0.375
80.5 0.377
80.6 0.402
80.7 0.362
80.8 0.337
80.9 0.380
81 0.377
81.1 0.374
81.2 0.374
81.3 0.485
81.4 0.429
81.5 0.340
81.6 0.345
81.7 0.494
81.8 0.488
81.9 0.498
82 0.542
82.1 0.492
82.2 0.427
82.3 0.339
82.4 0.339
82.5 0.499
82.6 0.499
82.7 0.468
82.8 0.525
82.9 0.492
83 0.428
83.1 0.342
83.2 0.339
83.3 0.495
83.4 0.498
83.5 0.493
83.6 0.524
83.7 0.494
83.8 0.425
83.9 0.338
84 0.336
84.1 0.503
84.2 0.494
84.3 0.496
84.4 0.422
84.5 0.501
84.6 0.418
84.7 0.360
84.8 0.387
84.9 0.349
85 0.348
85.1 0.351
85.2 0.381
85.3 0.489
85.4 0.396
85.5 0.390
85.6 0.403
85.7 0.505
85.8 0.506
85.9 0.376
86 0.404
86.1 0.391
86.2 0.387
86.3 0.390
86.4 0.410
86.5 0.378
86.6 0.355
86.7 0.336
86.8 0.357
86.9 0.342
87 0.339
87.1 0.343
87.2 0.341
87.3 0.493
87.4 0.489
87.5 0.491
87.6 0.466
87.7 0.491
87.8 0.403
87.9 0.384
88 0.373
88.1 0.501
88.2 0.490
88.3 0.491
88.4 0.451
88.5 0.501
88.6 0.412
88.7 0.383
88.8 0.375
88.9 0.501
89 0.491
89.1 0.490
89.2 0.424
89.3 0.493
89.4 0.426
89.5 0.397
89.6 0.356
89.7 0.503
89.8 0.496
89.9 0.496
90 0.415
90.1 0.501
90.2 0.497
90.3 0.497
90.4 0.413
90.5 0.508
90.6 0.497
90.7 0.496
90.8 0.408
90.9 0.501
91 0.422
91.1 0.389
91.2 0.375
91.3 0.502
91.4 0.496
91.5 0.498
91.6 0.404
91.7 0.499
91.8 0.386
91.9 0.387
92 0.376
92.1 0.508
92.2 0.497
92.3 0.500
92.4 0.409
92.5 0.502
92.6 0.415
92.7 0.389
92.8 0.380
92.9 0.470
93 0.498
93.1 0.497
93.2 0.404
93.3 0.501
93.4 0.407
93.5 0.392
93.6 0.378
93.7 0.507
93.8 0.497
93.9 0.494
94 0.403
94.1 0.502
94.2 0.387
94.3 0.387
94.4 0.391
94.5 0.503
94.6 0.495
94.7 0.497
94.8 0.462
94.9 0.501
95 0.384
95.1 0.388
95.2 0.379
95.3 0.380
95.4 0.376
95.5 0.376
95.6 0.496
95.7 0.379
95.8 0.375
95.9 0.382
96 0.376
96.1 0.375
96.2 0.377
96.3 0.375
96.4 0.483
96.5 0.490
96.6 0.386
96.7 0.386
96.8 0.455
96.9 0.506
97 0.496
97.1 0.497
97.2 0.473
97.3 0.498
97.4 0.385
97.5 0.388
97.6 0.462
97.7 0.498
97.8 0.497
97.9 0.499
98 0.405
98.1 0.500
98.2 0.381
98.3 0.387
98.4 0.461
98.5 0.502
98.6 0.493
98.7 0.498
98.8 0.466
98.9 0.503
99 0.378
99.1 0.385
99.2 0.463
99.3 0.505
99.4 0.497
99.5 0.499
99.6 0.406
99.7 0.501
99.8 0.376
99.9 0.381
100 0.468
