0.1 0.584
0.2 0.553
0.3 0.436
0.4 0.403
0.5 0.570
0.6 0.391
0.7 0.403
0.8 0.414
0.9 0.573
1 0.408
1.1 0.413
1.2 0.411
1.3 0.433
1.4 0.416
1.5 0.429
1.6 0.418
1.7 0.431
1.8 0.415
1.9 0.420
2 0.421
2.1 0.426
2.2 0.416
2.3 0.418
2.4 0.420
2.5 0.424
2.6 0.429
2.7 0.404
2.8 0.398
2.9 0.469
3 0.403
3.1 0.318
3.2 0.418
3.3 0.564
3.4 0.416
3.5 0.414
3.6 0.376
3.7 0.426
3.8 0.401
3.9 0.425
4 0.428
4.1 0.410
4.2 0.419
4.3 0.398
4.4 0.415
4.5 0.414
4.6 0.439
4.7 0.412
4.8 0.417
4.9 0.414
5 0.570
5.1 0.435
5.2 0.420
5.3 0.413
5.4 0.416
5.5 0.497
5.6 0.418
5.7 0.570
5.8 0.573
5.9 0.406
6 0.419
6.1 0.415
6.2 0.398
6.3 0.563
6.4 0.397
6.5 0.427
6.6 0.399
6.7 0.423
6.8 0.422
6.9 0.407
7 0.419
7.1 0.397
7.2 0.398
7.3 0.417
7.4 0.421
7.5 0.414
7.6 0.420
7.7 0.415
7.8 0.456
7.9 0.421
8 0.570
8.1 0.426
8.2 0.422
8.3 0.425
8.4 0.418
8.5 0.496
8.6 0.319
8.7 0.431
8.8 0.564
8.9 0.554
9 0.421
9.1 0.555
9.2 0.423
9.3 0.569
9.4 0.399
9.5 0.422
9.6 0.393
9.7 0.426
9.8 0.427
9.9 0.444
10 0.381
10.1 0.421
10.2 0.423
10.3 0.404
10.4 0.574
10.5 0.411
10.6 0.426
10.7 0.422
10.8 0.489
10.9 0.570
11 0.403
11.1 0.571
11.2 0.400
11.3 0.397
11.4 0.428
11.5 0.425
11.6 0.425
11.7 0.424
11.8 0.441
11.9 0.432
12 0.577
12.1 0.567
12.2 0.417
12.3 0.431
12.4 0.426
12.5 0.425
12.6 0.375
12.7 0.436
12.8 0.421
12.9 0.427
13 0.571
13.1 0.402
13.2 0.425
13.3 0.426
13.4 0.570
13.5 0.572
13.6 0.427
13.7 0.571
13.8 0.430
13.9 0.428
14 0.425
14.1 0.490
14.2 0.567
14.3 0.413
14.4 0.412
14.5 0.414
14.6 0.430
14.7 0.427
14.8 0.311
14.9 0.466
15 0.422
15.1 0.405
15.2 0.556
15.3 0.424
15.4 0.425
15.5 0.421
15.6 0.419
15.7 0.420
15.8 0.422
15.9 0.431
16 0.402
16.1 0.422
16.2 0.428
16.3 0.569
16.4 0.427
16.5 0.425
16.6 0.407
16.7 0.573
16.8 0.421
16.9 0.502
17 0.428
17.1 0.430
17.2 0.415
17.3 0.419
17.4 0.472
17.5 0.432
17.6 0.430
17.7 0.429
17.8 0.404
17.9 0.496
18 0.392
18.1 0.386
18.2 0.433
18.3 0.433
18.4 0.404
18.5 0.403
18.6 0.507
18.7 0.400
18.8 0.394
18.9 0.415
19 0.392
19.1 0.387
19.2 0.405
19.3 0.398
19.4 0.392
19.5 0.434
19.6 0.447
19.7 0.407
19.8 0.419
19.9 0.368
20 0.447
20.1 0.404
20.2 0.435
20.3 0.458
20.4 0.488
20.5 0.573
20.6 0.397
20.7 0.405
20.8 0.406
20.9 0.391
21 0.382
21.1 0.444
21.2 0.415
21.3 0.550
21.4 0.550
21.5 0.418
21.6 0.573
21.7 0.418
21.8 0.439
21.9 0.440
22 0.572
22.1 0.414
22.2 0.404
22.3 0.436
22.4 0.410
22.5 0.448
22.6 0.453
22.7 0.445
22.8 0.450
22.9 0.434
23 0.427
23.1 0.404
23.2 0.440
23.3 0.572
23.4 0.435
23.5 0.566
23.6 0.571
23.7 0.448
23.8 0.453
23.9 0.452
24 0.444
24.1 0.397
24.2 0.437
24.3 0.573
24.4 0.419
24.5 0.436
24.6 0.443
24.7 0.406
24.8 0.440
24.9 0.445
25 0.448
25.1 0.570
25.2 0.582
25.3 0.572
25.4 0.442
25.5 0.569
25.6 0.569
25.7 0.443
25.8 0.397
25.9 0.450
26 0.572
26.1 0.435
26.2 0.404
26.3 0.576
26.4 0.444
26.5 0.576
26.6 0.572
26.7 0.570
26.8 0.469
26.9 0.445
27 0.436
27.1 0.413
27.2 0.378
27.3 0.343
27.4 0.461
27.5 0.549
27.6 0.433
27.7 0.444
27.8 0.407
27.9 0.445
28 0.398
28.1 0.445
28.2 0.447
28.3 0.448
28.4 0.450
28.5 0.457
28.6 0.444
28.7 0.389
28.8 0.449
28.9 0.400
29 0.394
29.1 0.452
29.2 0.431
29.3 0.399
29.4 0.448
29.5 0.448
29.6 0.448
29.7 0.570
29.8 0.444
29.9 0.419
30 0.398
30.1 0.402
30.2 0.575
30.3 0.401
30.4 0.449
30.5 0.571
30.6 0.447
30.7 0.448
30.8 0.456
30.9 0.563
31 0.449
31.1 0.447
31.2 0.452
31.3 0.572
31.4 0.447
31.5 0.576
31.6 0.449
31.7 0.454
31.8 0.450
31.9 0.389
32 0.454
32.1 0.451
32.2 0.454
32.3 0.575
32.4 0.451
32.5 0.499
32.6 0.428
32.7 0.491
32.8 0.439
32.9 0.452
33 0.454
33.1 0.428
33.2 0.402
33.3 0.397
33.4 0.407
33.5 0.303
33.6 0.334
33.7 0.389
33.8 0.446
33.9 0.425
34 0.455
34.1 0.453
34.2 0.427
34.3 0.454
34.4 0.412
34.5 0.406
34.6 0.455
34.7 0.458
34.8 0.458
34.9 0.454
35 0.453
35.1 0.365
35.2 0.455
35.3 0.458
35.4 0.570
35.5 0.474
35.6 0.440
35.7 0.418
35.8 0.457
35.9 0.408
36 0.571
36.1 0.457
36.2 0.394
36.3 0.432
36.4 0.454
36.5 0.365
36.6 0.456
36.7 0.507
36.8 0.569
36.9 0.570
37 0.460
37.1 0.464
37.2 0.567
37.3 0.397
37.4 0.564
37.5 0.410
37.6 0.454
37.7 0.461
37.8 0.461
37.9 0.457
38 0.461
38.1 0.481
38.2 0.565
38.3 0.364
38.4 0.411
38.5 0.481
38.6 0.568
38.7 0.482
38.8 0.414
38.9 0.445
39 0.572
39.1 0.463
39.2 0.465
39.3 0.404
39.4 0.463
39.5 0.461
39.6 0.567
39.7 0.387
39.8 0.486
39.9 0.472
40 0.552
40.1 0.555
40.2 0.553
40.3 0.474
40.4 0.464
40.5 0.499
40.6 0.577
40.7 0.490
40.8 0.572
40.9 0.379
41 0.405
41.1 0.403
41.2 0.430
41.3 0.416
41.4 0.399
41.5 0.365
41.6 0.395
41.7 0.463
41.8 0.449
41.9 0.379
42 0.399
42.1 0.404
42.2 0.396
42.3 0.460
42.4 0.466
42.5 0.463
42.6 0.574
42.7 0.430
42.8 0.433
42.9 0.515
43 0.445
43.1 0.497
43.2 0.413
43.3 0.463
43.4 0.471
43.5 0.577
43.6 0.570
43.7 0.366
43.8 0.569
43.9 0.420
44 0.572
44.1 0.467
44.2 0.467
44.3 0.471
44.4 0.468
44.5 0.495
44.6 0.569
44.7 0.410
44.8 0.469
44.9 0.469
45 0.405
45.1 0.489
45.2 0.593
45.3 0.419
45.4 0.457
45.5 0.470
45.6 0.471
45.7 0.448
45.8 0.472
45.9 0.386
46 0.330
46.1 0.466
46.2 0.448
46.3 0.471
46.4 0.462
46.5 0.468
46.6 0.399
46.7 0.577
46.8 0.474
46.9 0.468
47 0.473
47.1 0.439
47.2 0.412
47.3 0.421
47.4 0.470
47.5 0.448
47.6 0.473
47.7 0.482
47.8 0.474
47.9 0.387
48 0.571
48.1 0.584
48.2 0.472
48.3 0.491
48.4 0.415
48.5 0.465
48.6 0.393
48.7 0.402
48.8 0.479
48.9 0.473
49 0.422
49.1 0.480
49.2 0.473
49.3 0.470
49.4 0.569
49.5 0.507
49.6 0.417
49.7 0.477
49.8 0.570
49.9 0.483
50 0.477
50.1 0.400
50.2 0.467
50.3 0.475
50.4 0.477
50.5 0.490
50.6 0.475
50.7 0.571
50.8 0.476
50.9 0.382
51 0.480
51.1 0.408
51.2 0.477
51.3 0.488
51.4 0.491
51.5 0.487
51.6 0.466
51.7 0.412
51.8 0.571
51.9 0.526
52 0.471
52.1 0.480
52.2 0.386
52.3 0.500
52.4 0.474
52.5 0.469
52.6 0.409
52.7 0.503
52.8 0.611
52.9 0.545
53 0.477
53.1 0.490
53.2 0.487
53.3 0.476
53.4 0.399
53.5 0.377
53.6 0.483
53.7 0.482
53.8 0.431
53.9 0.443
54 0.480
54.1 0.434
54.2 0.429
54.3 0.397
54.4 0.482
54.5 0.543
54.6 0.411
54.7 0.380
54.8 0.483
54.9 0.424
55 0.477
55.1 0.482
55.2 0.480
55.3 0.426
55.4 0.481
55.5 0.550
55.6 0.407
55.7 0.571
55.8 0.570
55.9 0.544
56 0.484
56.1 0.570
56.2 0.486
56.3 0.381
56.4 0.443
56.5 0.424
56.6 0.478
56.7 0.570
56.8 0.445
56.9 0.490
57 0.415
57.1 0.498
57.2 0.484
57.3 0.486
57.4 0.572
57.5 0.367
57.6 0.431
57.7 0.542
57.8 0.481
57.9 0.501
58 0.478
58.1 0.481
58.2 0.484
58.3 0.488
58.4 0.409
58.5 0.473
58.6 0.481
58.7 0.551
58.8 0.438
58.9 0.423
59 0.484
59.1 0.483
59.2 0.486
59.3 0.400
59.4 0.517
59.5 0.480
59.6 0.404
59.7 0.410
59.8 0.477
59.9 0.488
60 0.401
60.1 0.412
60.2 0.482
60.3 0.394
60.4 0.488
60.5 0.456
60.6 0.484
60.7 0.563
60.8 0.431
60.9 0.366
61 0.569
61.1 0.487
61.2 0.486
61.3 0.572
61.4 0.572
61.5 0.481
61.6 0.567
61.7 0.490
61.8 0.488
61.9 0.492
62 0.567
62.1 0.502
62.2 0.488
62.3 0.569
62.4 0.566
62.5 0.493
62.6 0.483
62.7 0.404
62.8 0.485
62.9 0.490
63 0.489
63.1 0.578
63.2 0.490
63.3 0.580
63.4 0.445
63.5 0.491
63.6 0.566
63.7 0.371
63.8 0.433
63.9 0.507
64 0.495
64.1 0.491
64.2 0.490
64.3 0.497
64.4 0.491
64.5 0.496
64.6 0.470
64.7 0.310
64.8 0.501
64.9 0.477
65 0.562
65.1 0.477
65.2 0.480
65.3 0.575
65.4 0.446
65.5 0.493
65.6 0.570
65.7 0.570
65.8 0.491
65.9 0.504
66 0.492
66.1 0.567
66.2 0.494
66.3 0.493
66.4 0.493
66.5 0.495
66.6 0.501
66.7 0.481
66.8 0.519
66.9 0.494
67 0.418
67.1 0.457
67.2 0.497
67.3 0.501
67.4 0.489
67.5 0.499
67.6 0.490
67.7 0.390
67.8 0.495
67.9 0.496
68 0.497
68.1 0.495
68.2 0.496
68.3 0.570
68.4 0.499
68.5 0.569
68.6 0.496
68.7 0.567
68.8 0.498
68.9 0.497
69 0.483
69.1 0.503
69.2 0.501
69.3 0.495
69.4 0.481
69.5 0.390
69.6 0.425
69.7 0.502
69.8 0.502
69.9 0.515
70 0.452
70.1 0.401
70.2 0.565
70.3 0.480
70.4 0.405
70.5 0.504
70.6 0.570
70.7 0.503
70.8 0.319
70.9 0.515
71 0.471
71.1 0.612
71.2 0.492
71.3 0.469
71.4 0.500
71.5 0.505
71.6 0.493
71.7 0.643
71.8 0.626
71.9 0.389
72 0.398
72.1 0.511
72.2 0.408
72.3 0.468
72.4 0.498
72.5 0.517
72.6 0.444
72.7 0.492
72.8 0.505
72.9 0.400
73 0.506
73.1 0.495
73.2 0.389
73.3 0.507
73.4 0.509
73.5 0.506
73.6 0.504
73.7 0.500
73.8 0.504
73.9 0.510
74 0.507
74.1 0.585
74.2 0.569
74.3 0.498
74.4 0.448
74.5 0.504
74.6 0.545
74.7 0.435
74.8 0.368
74.9 0.497
75 0.496
75.1 0.498
75.2 0.501
75.3 0.504
75.4 0.500
75.5 0.572
75.6 0.500
75.7 0.503
75.8 0.386
75.9 0.368
76 0.415
76.1 0.386
76.2 0.421
76.3 0.512
76.4 0.370
76.5 0.372
76.6 0.382
76.7 0.382
76.8 0.376
76.9 0.315
77 0.412
77.1 0.478
77.2 0.380
77.3 0.536
77.4 0.518
77.5 0.400
77.6 0.384
77.7 0.509
77.8 0.552
77.9 0.420
78 0.458
78.1 0.406
78.2 0.502
78.3 0.368
78.4 0.391
78.5 0.527
78.6 0.499
78.7 0.493
78.8 0.369
78.9 0.569
79 0.479
79.1 0.569
79.2 0.571
79.3 0.417
79.4 0.509
79.5 0.510
79.6 0.425
79.7 0.409
79.8 0.496
79.9 0.401
80 0.450
80.1 0.386
80.2 0.409
80.3 0.577
80.4 0.514
80.5 0.573
80.6 0.571
80.7 0.510
80.8 0.476
80.9 0.399
81 0.483
81.1 0.556
81.2 0.507
81.3 0.482
81.4 0.518
81.5 0.393
81.6 0.570
81.7 0.514
81.8 0.528
81.9 0.514
82 0.409
82.1 0.513
82.2 0.413
82.3 0.513
82.4 0.376
82.5 0.559
82.6 0.471
82.7 0.575
82.8 0.477
82.9 0.469
83 0.519
83.1 0.377
83.2 0.557
83.3 0.507
83.4 0.512
83.5 0.561
83.6 0.560
83.7 0.512
83.8 0.518
83.9 0.504
84 0.506
84.1 0.572
84.2 0.571
84.3 0.454
84.4 0.488
84.5 0.485
84.6 0.520
84.7 0.459
84.8 0.522
84.9 0.521
85 0.516
85.1 0.407
85.2 0.507
85.3 0.522
85.4 0.521
85.5 0.453
85.6 0.519
85.7 0.508
85.8 0.520
85.9 0.398
86 0.521
86.1 0.404
86.2 0.523
86.3 0.391
86.4 0.396
86.5 0.399
86.6 0.518
86.7 0.405
86.8 0.481
86.9 0.521
87 0.565
87.1 0.521
87.2 0.577
87.3 0.521
87.4 0.523
87.5 0.524
87.6 0.518
87.7 0.519
87.8 0.518
87.9 0.569
88 0.520
88.1 0.521
88.2 0.475
88.3 0.432
88.4 0.478
88.5 0.415
88.6 0.511
88.7 0.414
88.8 0.513
88.9 0.407
89 0.393
89.1 0.513
89.2 0.419
89.3 0.371
89.4 0.543
89.5 0.501
89.6 0.413
89.7 0.568
89.8 0.373
89.9 0.549
90 0.543
90.1 0.400
90.2 0.489
90.3 0.481
90.4 0.467
90.5 0.527
90.6 0.497
90.7 0.512
90.8 0.574
90.9 0.571
91 0.510
91.1 0.494
91.2 0.512
91.3 0.571
91.4 0.568
91.5 0.529
91.6 0.390
91.7 0.566
91.8 0.459
91.9 0.415
92 0.528
92.1 0.401
92.2 0.401
92.3 0.527
92.4 0.530
92.5 0.513
92.6 0.521
92.7 0.526
92.8 0.566
92.9 0.567
93 0.525
93.1 0.531
93.2 0.530
93.3 0.525
93.4 0.583
93.5 0.524
93.6 0.530
93.7 0.531
93.8 0.529
93.9 0.534
94 0.493
94.1 0.428
94.2 0.516
94.3 0.396
94.4 0.531
94.5 0.528
94.6 0.532
94.7 0.583
94.8 0.533
94.9 0.511
95 0.570
95.1 0.401
95.2 0.539
95.3 0.569
95.4 0.327
95.5 0.492
95.6 0.513
95.7 0.505
95.8 0.533
95.9 0.570
96 0.572
96.1 0.489
96.2 0.532
96.3 0.471
96.4 0.531
96.5 0.477
96.6 0.526
96.7 0.571
96.8 0.530
96.9 0.526
97 0.403
97.1 0.532
97.2 0.452
97.3 0.528
97.4 0.525
97.5 0.536
97.6 0.395
97.7 0.527
97.8 0.396
97.9 0.542
98 0.532
98.1 0.418
98.2 0.534
98.3 0.556
98.4 0.534
98.5 0.395
98.6 0.388
98.7 0.533
98.8 0.406
98.9 0.444
99 0.391
99.1 0.321
99.2 0.429
99.3 0.394
99.4 0.379
99.5 0.415
99.6 0.396
99.7 0.350
99.8 0.403
99.9 0.388
100 0.433
